<?xml version="1.0" encoding="utf-8"?>
<!DOCTYPE coverage SYSTEM "http://cobertura.sourceforge.net/xml/coverage-04.dtd">
<coverage line-rate="0.681818181818182" branch-rate="1" lines-covered="15" lines-valid="22" branches-covered="0" branches-valid="0" complexity="NaN" version="0" timestamp="1616776489">
  <sources />
  <packages>
    <package name="ClassLibrary1" line-rate="0.333333333333333" branch-rate="1" complexity="NaN">
      <classes>
        <class name="ClassLibrary1.Calculation" filename="E:\src\sample.dotblog\CodeCoverage\OpenCover\Lab.OpenCoverDemo\ClassLibrary1\Calculation.cs" line-rate="0.333333333333333" branch-rate="1" complexity="NaN">
          <methods>
            <method name="Add" signature="(System.Int32,System.Int32)" line-rate="1" branch-rate="1" complexity="NaN">
              <lines>
                <line number="6" hits="2" branch="false" />
                <line number="7" hits="2" branch="false" />
                <line number="8" hits="2" branch="false" />
              </lines>
            </method>
            <method name="Sub" signature="(System.Int32,System.Int32)" line-rate="0" branch-rate="1" complexity="NaN">
              <lines>
                <line number="10" hits="0" branch="false" />
                <line number="11" hits="0" branch="false" />
                <line number="12" hits="0" branch="false" />
              </lines>
            </method>
            <method name="Sub1" signature="(System.Int32,System.Int32)" line-rate="0" branch-rate="1" complexity="NaN">
              <lines>
                <line number="14" hits="0" branch="false" />
                <line number="15" hits="0" branch="false" />
                <line number="16" hits="0" branch="false" />
              </lines>
            </method>
          </methods>
          <lines>
            <line number="6" hits="2" branch="false" />
            <line number="7" hits="2" branch="false" />
            <line number="8" hits="2" branch="false" />
            <line number="10" hits="0" branch="false" />
            <line number="11" hits="0" branch="false" />
            <line number="12" hits="0" branch="false" />
            <line number="14" hits="0" branch="false" />
            <line number="15" hits="0" branch="false" />
            <line number="16" hits="0" branch="false" />
          </lines>
        </class>
      </classes>
    </package>
    <package name="UnitTestProject1" line-rate="0.9" branch-rate="1" complexity="NaN">
      <classes>
        <class name="UnitTestProject1.UnitTest1" filename="E:\src\sample.dotblog\CodeCoverage\OpenCover\Lab.OpenCoverDemo\UnitTestProject1\UnitTest1.cs" line-rate="0.9" branch-rate="1" complexity="NaN">
          <methods>
            <method name="TestMethod1" signature="()" line-rate="1" branch-rate="1" complexity="NaN">
              <lines>
                <line number="12" hits="1" branch="false" />
                <line number="13" hits="1" branch="false" />
                <line number="14" hits="1" branch="false" />
                <line number="15" hits="1" branch="false" />
                <line number="16" hits="1" branch="false" />
              </lines>
            </method>
            <method name="TestMethod2" signature="()" line-rate="0.8" branch-rate="1" complexity="NaN">
              <lines>
                <line number="20" hits="1" branch="false" />
                <line number="21" hits="1" branch="false" />
                <line number="22" hits="1" branch="false" />
                <line number="23" hits="1" branch="false" />
                <line number="24" hits="0" branch="false" />
              </lines>
            </method>
          </methods>
          <lines>
            <line number="12" hits="1" branch="false" />
            <line number="13" hits="1" branch="false" />
            <line number="14" hits="1" branch="false" />
            <line number="15" hits="1" branch="false" />
            <line number="16" hits="1" branch="false" />
            <line number="20" hits="1" branch="false" />
            <line number="21" hits="1" branch="false" />
            <line number="22" hits="1" branch="false" />
            <line number="23" hits="1" branch="false" />
            <line number="24" hits="0" branch="false" />
          </lines>
        </class>
      </classes>
    </package>
    <package name="UnitTestProject2" line-rate="1" branch-rate="1" complexity="NaN">
      <classes>
        <class name="UnitTestProject2.UnitTest1" filename="E:\src\sample.dotblog\CodeCoverage\OpenCover\Lab.OpenCoverDemo\UnitTestProject2\UnitTest1.cs" line-rate="1" branch-rate="1" complexity="NaN">
          <methods>
            <method name="TestMethod1" signature="()" line-rate="1" branch-rate="1" complexity="NaN">
              <lines>
                <line number="11" hits="1" branch="false" />
                <line number="12" hits="1" branch="false" />
                <line number="13" hits="1" branch="false" />
              </lines>
            </method>
          </methods>
          <lines>
            <line number="11" hits="1" branch="false" />
            <line number="12" hits="1" branch="false" />
            <line number="13" hits="1" branch="false" />
          </lines>
        </class>
      </classes>
    </package>
  </packages>
</coverage>